<?xml version="1.0" encoding="utf-8"?><testsuites><testsuite name="pytest" errors="0" failures="2" skipped="1" tests="8" time="0.507" timestamp="2025-07-08T09:14:29.276166" hostname="NucBoxM6"><testcase classname="turtle_gamepad_2.test.test_copyright" name="test_copyright" time="0.000"><skipped type="pytest.skip" message="No copyright header has been placed in the generated source file.">/home/jeff/omni-robot/src/turtle_gamepad_2/test/test_copyright.py:20: No copyright header has been placed in the generated source file.</skipped></testcase><testcase classname="turtle_gamepad_2.test.test_emergency_stop_monitor.TestEmergencyStopMonitor" name="test_emergency_stop_status" time="0.004" /><testcase classname="turtle_gamepad_2.test.test_emergency_stop_monitor.TestEmergencyStopMonitor" name="test_zero_velocity_command" time="0.000" /><testcase classname="turtle_gamepad_2.test.test_flake8" name="test_flake8" time="0.121"><failure message="AssertionError: Found 50 code style errors / warnings:&#10;  ./launch/turtle_gamepad_launch.py:4:1: I201 Missing newline between import groups. 'from launch import LaunchDescription' is identified as Third Party and 'import os' is identified as Stdlib.&#10;  ./launch/turtle_gamepad_launch.py:5:1: F401 'launch.actions.IncludeLaunchDescription' imported but unused&#10;  ./launch/turtle_gamepad_launch.py:6:1: F401 'launch.conditions.IfCondition' imported but unused&#10;  ./launch/turtle_gamepad_launch.py:7:1: F401 'launch.launch_description_sources.PythonLaunchDescriptionSource' imported but unused&#10;  ./launch/turtle_gamepad_launch.py:8:1: F401 'launch.substitutions.PathJoinSubstitution' imported but unused&#10;  ./launch/turtle_gamepad_launch.py:10:1: F401 'launch_ros.substitutions.FindPackageShare' imported but unused&#10;  ./launch/turtle_gamepad_launch.py:11:1: I100 Import statements are in the wrong order. 'from ament_index_python.packages import get_package_share_directory' should be before 'from launch_ros.substitutions import FindPackageShare'&#10;  ./launch/turtle_gamepad_simple_launch.py:4:1: I201 Missing newline between import groups. 'from launch import LaunchDescription' is identified as Third Party and 'import os' is identified as Stdlib.&#10;  ./launch/turtle_gamepad_simple_launch.py:5:1: F401 'launch.actions.DeclareLaunchArgument' imported but unused&#10;  ./launch/turtle_gamepad_simple_launch.py:6:1: F401 'launch.substitutions.LaunchConfiguration' imported but unused&#10;  ./launch/turtle_gamepad_simple_launch.py:8:1: I100 Import statements are in the wrong order. 'from ament_index_python.packages import get_package_share_directory' should be before 'from launch_ros.actions import Node'&#10;  ./setup.py:2:1: I100 Import statements are in the wrong order. 'import os' should be before 'from setuptools import find_packages, setup' and in a different group.&#10;  ./setup.py:2:1: I201 Missing newline between import groups. 'import os' is identified as Stdlib and 'from setuptools import find_packages, setup' is identified as Third Party.&#10;  ./setup.py:3:1: I100 Import statements are in the wrong order. 'from glob import glob' should be before 'import os'&#10;  ./setup.py:15:100: E501 line too long (109 &gt; 99 characters)&#10;  ./test/test_emergency_stop_monitor.py:5:1: F401 'rclpy.node.Node' imported but unused&#10;  ./test/test_emergency_stop_monitor.py:7:1: I100 Import statements are in the wrong order. 'from geometry_msgs.msg import Twist' should be before 'from std_msgs.msg import Bool'&#10;  ./test/test_emergency_stop_monitor.py:13:1: D400 First line should end with a period&#10;  ./test/test_emergency_stop_monitor.py:13:1: D401 First line should be in imperative mood; try rephrasing&#10;  ./test/test_emergency_stop_monitor.py:18:1: D400 First line should end with a period&#10;  ./test/test_emergency_stop_monitor.py:22:1: D400 First line should end with a period&#10;  ./test/test_emergency_stop_monitor.py:26:32: E712 comparison to True should be 'if cond is True:' or 'if cond:'&#10;  ./test/test_emergency_stop_monitor.py:29:1: D400 First line should end with a period&#10;  ./test/test_turtle_gamepad_controller.py:5:1: F401 'rclpy.node.Node' imported but unused&#10;  ./test/test_turtle_gamepad_controller.py:6:1: I100 Import statements are in the wrong order. 'from geometry_msgs.msg import Twist' should be before 'from rclpy.node import Node'&#10;  ./test/test_turtle_gamepad_controller.py:9:1: I100 Import statements are in the wrong order. 'import time' should be before 'from std_msgs.msg import Bool' and in a different group.&#10;  ./test/test_turtle_gamepad_controller.py:9:1: I201 Missing newline between import groups. 'import time' is identified as Stdlib and 'from std_msgs.msg import Bool' is identified as Third Party.&#10;  ./test/test_turtle_gamepad_controller.py:9:1: F401 'time' imported but unused&#10;  ./test/test_turtle_gamepad_controller.py:10:1: I100 Import statements are in the wrong order. 'import threading' should be before 'import time'&#10;  ./test/test_turtle_gamepad_controller.py:10:1: F401 'threading' imported but unused&#10;  ./test/test_turtle_gamepad_controller.py:16:1: D400 First line should end with a period&#10;  ./test/test_turtle_gamepad_controller.py:16:1: D401 First line should be in imperative mood; try rephrasing&#10;  ./test/test_turtle_gamepad_controller.py:21:1: D400 First line should end with a period&#10;  ./test/test_turtle_gamepad_controller.py:25:1: D400 First line should end with a period&#10;  ./test/test_turtle_gamepad_controller.py:34:1: D400 First line should end with a period&#10;  ./test/test_turtle_gamepad_controller.py:47:1: D400 First line should end with a period&#10;  ./test/test_turtle_gamepad_controller.py:51:35: E712 comparison to True should be 'if cond is True:' or 'if cond:'&#10;  ./test/test_turtle_gamepad_controller.py:54:35: E712 comparison to False should be 'if cond is False:' or 'if not cond:'&#10;  ./turtle_gamepad_2/emergency_stop_monitor.py:6:1: I100 Import statements are in the wrong order. 'from geometry_msgs.msg import Twist' should be before 'from std_msgs.msg import Bool'&#10;  ./turtle_gamepad_2/emergency_stop_monitor.py:30:1: D400 First line should end with a period&#10;  ./turtle_gamepad_2/emergency_stop_monitor.py:39:1: D400 First line should end with a period&#10;  ./turtle_gamepad_2/emergency_stop_monitor.py:45:1: D400 First line should end with a period&#10;  ./turtle_gamepad_2/turtle_gamepad_controller.py:5:1: I100 Import statements are in the wrong order. 'from geometry_msgs.msg import Twist' should be before 'from rclpy.node import Node'&#10;  ./turtle_gamepad_2/turtle_gamepad_controller.py:8:1: I100 Import statements are in the wrong order. 'import math' should be before 'from std_msgs.msg import Bool' and in a different group.&#10;  ./turtle_gamepad_2/turtle_gamepad_controller.py:8:1: I201 Missing newline between import groups. 'import math' is identified as Stdlib and 'from std_msgs.msg import Bool' is identified as Third Party.&#10;  ./turtle_gamepad_2/turtle_gamepad_controller.py:8:1: F401 'math' imported but unused&#10;  ./turtle_gamepad_2/turtle_gamepad_controller.py:21:100: E501 line too long (114 &gt; 99 characters)&#10;  ./turtle_gamepad_2/turtle_gamepad_controller.py:53:1: D400 First line should end with a period&#10;  ./turtle_gamepad_2/turtle_gamepad_controller.py:134:1: D400 First line should end with a period&#10;  ./turtle_gamepad_2/turtle_gamepad_controller.py:143:1: D400 First line should end with a period&#10;assert 1 == 0">test/test_flake8.py:23: in test_flake8
    assert rc == 0, \
E   AssertionError: Found 50 code style errors / warnings:
E     ./launch/turtle_gamepad_launch.py:4:1: I201 Missing newline between import groups. 'from launch import LaunchDescription' is identified as Third Party and 'import os' is identified as Stdlib.
E     ./launch/turtle_gamepad_launch.py:5:1: F401 'launch.actions.IncludeLaunchDescription' imported but unused
E     ./launch/turtle_gamepad_launch.py:6:1: F401 'launch.conditions.IfCondition' imported but unused
E     ./launch/turtle_gamepad_launch.py:7:1: F401 'launch.launch_description_sources.PythonLaunchDescriptionSource' imported but unused
E     ./launch/turtle_gamepad_launch.py:8:1: F401 'launch.substitutions.PathJoinSubstitution' imported but unused
E     ./launch/turtle_gamepad_launch.py:10:1: F401 'launch_ros.substitutions.FindPackageShare' imported but unused
E     ./launch/turtle_gamepad_launch.py:11:1: I100 Import statements are in the wrong order. 'from ament_index_python.packages import get_package_share_directory' should be before 'from launch_ros.substitutions import FindPackageShare'
E     ./launch/turtle_gamepad_simple_launch.py:4:1: I201 Missing newline between import groups. 'from launch import LaunchDescription' is identified as Third Party and 'import os' is identified as Stdlib.
E     ./launch/turtle_gamepad_simple_launch.py:5:1: F401 'launch.actions.DeclareLaunchArgument' imported but unused
E     ./launch/turtle_gamepad_simple_launch.py:6:1: F401 'launch.substitutions.LaunchConfiguration' imported but unused
E     ./launch/turtle_gamepad_simple_launch.py:8:1: I100 Import statements are in the wrong order. 'from ament_index_python.packages import get_package_share_directory' should be before 'from launch_ros.actions import Node'
E     ./setup.py:2:1: I100 Import statements are in the wrong order. 'import os' should be before 'from setuptools import find_packages, setup' and in a different group.
E     ./setup.py:2:1: I201 Missing newline between import groups. 'import os' is identified as Stdlib and 'from setuptools import find_packages, setup' is identified as Third Party.
E     ./setup.py:3:1: I100 Import statements are in the wrong order. 'from glob import glob' should be before 'import os'
E     ./setup.py:15:100: E501 line too long (109 &gt; 99 characters)
E     ./test/test_emergency_stop_monitor.py:5:1: F401 'rclpy.node.Node' imported but unused
E     ./test/test_emergency_stop_monitor.py:7:1: I100 Import statements are in the wrong order. 'from geometry_msgs.msg import Twist' should be before 'from std_msgs.msg import Bool'
E     ./test/test_emergency_stop_monitor.py:13:1: D400 First line should end with a period
E     ./test/test_emergency_stop_monitor.py:13:1: D401 First line should be in imperative mood; try rephrasing
E     ./test/test_emergency_stop_monitor.py:18:1: D400 First line should end with a period
E     ./test/test_emergency_stop_monitor.py:22:1: D400 First line should end with a period
E     ./test/test_emergency_stop_monitor.py:26:32: E712 comparison to True should be 'if cond is True:' or 'if cond:'
E     ./test/test_emergency_stop_monitor.py:29:1: D400 First line should end with a period
E     ./test/test_turtle_gamepad_controller.py:5:1: F401 'rclpy.node.Node' imported but unused
E     ./test/test_turtle_gamepad_controller.py:6:1: I100 Import statements are in the wrong order. 'from geometry_msgs.msg import Twist' should be before 'from rclpy.node import Node'
E     ./test/test_turtle_gamepad_controller.py:9:1: I100 Import statements are in the wrong order. 'import time' should be before 'from std_msgs.msg import Bool' and in a different group.
E     ./test/test_turtle_gamepad_controller.py:9:1: I201 Missing newline between import groups. 'import time' is identified as Stdlib and 'from std_msgs.msg import Bool' is identified as Third Party.
E     ./test/test_turtle_gamepad_controller.py:9:1: F401 'time' imported but unused
E     ./test/test_turtle_gamepad_controller.py:10:1: I100 Import statements are in the wrong order. 'import threading' should be before 'import time'
E     ./test/test_turtle_gamepad_controller.py:10:1: F401 'threading' imported but unused
E     ./test/test_turtle_gamepad_controller.py:16:1: D400 First line should end with a period
E     ./test/test_turtle_gamepad_controller.py:16:1: D401 First line should be in imperative mood; try rephrasing
E     ./test/test_turtle_gamepad_controller.py:21:1: D400 First line should end with a period
E     ./test/test_turtle_gamepad_controller.py:25:1: D400 First line should end with a period
E     ./test/test_turtle_gamepad_controller.py:34:1: D400 First line should end with a period
E     ./test/test_turtle_gamepad_controller.py:47:1: D400 First line should end with a period
E     ./test/test_turtle_gamepad_controller.py:51:35: E712 comparison to True should be 'if cond is True:' or 'if cond:'
E     ./test/test_turtle_gamepad_controller.py:54:35: E712 comparison to False should be 'if cond is False:' or 'if not cond:'
E     ./turtle_gamepad_2/emergency_stop_monitor.py:6:1: I100 Import statements are in the wrong order. 'from geometry_msgs.msg import Twist' should be before 'from std_msgs.msg import Bool'
E     ./turtle_gamepad_2/emergency_stop_monitor.py:30:1: D400 First line should end with a period
E     ./turtle_gamepad_2/emergency_stop_monitor.py:39:1: D400 First line should end with a period
E     ./turtle_gamepad_2/emergency_stop_monitor.py:45:1: D400 First line should end with a period
E     ./turtle_gamepad_2/turtle_gamepad_controller.py:5:1: I100 Import statements are in the wrong order. 'from geometry_msgs.msg import Twist' should be before 'from rclpy.node import Node'
E     ./turtle_gamepad_2/turtle_gamepad_controller.py:8:1: I100 Import statements are in the wrong order. 'import math' should be before 'from std_msgs.msg import Bool' and in a different group.
E     ./turtle_gamepad_2/turtle_gamepad_controller.py:8:1: I201 Missing newline between import groups. 'import math' is identified as Stdlib and 'from std_msgs.msg import Bool' is identified as Third Party.
E     ./turtle_gamepad_2/turtle_gamepad_controller.py:8:1: F401 'math' imported but unused
E     ./turtle_gamepad_2/turtle_gamepad_controller.py:21:100: E501 line too long (114 &gt; 99 characters)
E     ./turtle_gamepad_2/turtle_gamepad_controller.py:53:1: D400 First line should end with a period
E     ./turtle_gamepad_2/turtle_gamepad_controller.py:134:1: D400 First line should end with a period
E     ./turtle_gamepad_2/turtle_gamepad_controller.py:143:1: D400 First line should end with a period
E   assert 1 == 0</failure></testcase><testcase classname="turtle_gamepad_2.test.test_pep257" name="test_pep257" time="0.027"><failure message="AssertionError: Found code style errors / warnings&#10;assert 1 == 0">test/test_pep257.py:23: in test_pep257
    assert rc == 0, 'Found code style errors / warnings'
E   AssertionError: Found code style errors / warnings
E   assert 1 == 0</failure></testcase><testcase classname="turtle_gamepad_2.test.test_turtle_gamepad_controller.TestTurtleGamepadController" name="test_joy_message_format" time="0.001" /><testcase classname="turtle_gamepad_2.test.test_turtle_gamepad_controller.TestTurtleGamepadController" name="test_twist_message_creation" time="0.000" /><testcase classname="turtle_gamepad_2.test.test_turtle_gamepad_controller.TestTurtleGamepadController" name="test_emergency_stop_message" time="0.000" /></testsuite></testsuites>